<?xml version="1.0" encoding="UTF-8"?>
<testsuite xmlns:xsi="http://www.w3.org/2001/XMLSchema-instance" xsi:noNamespaceSchemaLocation="https://maven.apache.org/surefire/maven-surefire-plugin/xsd/surefire-test-report.xsd" name="TestSuite" time="14.389" tests="30" errors="0" skipped="0" failures="30">
  <properties>
    <property name="sun.desktop" value="windows"/>
    <property name="awt.toolkit" value="sun.awt.windows.WToolkit"/>
    <property name="java.specification.version" value="1.8"/>
    <property name="file.encoding.pkg" value="sun.io"/>
    <property name="webdriver.chrome.driver" value="C:\Users\azainea\Desktop\Epoca\Epoca Automation\EPOCA-Selenium\src\test\resources\selenium_standalone_binaries\windows\googlechrome\64bit\chromedriver.exe"/>
    <property name="sun.cpu.isalist" value="amd64"/>
    <property name="sun.jnu.encoding" value="Cp1252"/>
    <property name="java.class.path" value="C:\Users\azainea\Desktop\Epoca\Epoca Automation\EPOCA-Selenium\target\test-classes;C:\Users\azainea\Desktop\Epoca\Epoca Automation\EPOCA-Selenium\target\classes;C:\Users\azainea\.m2\repository\org\seleniumhq\selenium\selenium-remote-driver\3.8.1\selenium-remote-driver-3.8.1.jar;C:\Users\azainea\.m2\repository\org\seleniumhq\selenium\selenium-api\3.8.1\selenium-api-3.8.1.jar;C:\Users\azainea\.m2\repository\net\bytebuddy\byte-buddy\1.7.5\byte-buddy-1.7.5.jar;C:\Users\azainea\.m2\repository\org\apache\commons\commons-exec\1.3\commons-exec-1.3.jar;C:\Users\azainea\.m2\repository\commons-codec\commons-codec\1.10\commons-codec-1.10.jar;C:\Users\azainea\.m2\repository\commons-logging\commons-logging\1.2\commons-logging-1.2.jar;C:\Users\azainea\.m2\repository\com\google\code\gson\gson\2.8.2\gson-2.8.2.jar;C:\Users\azainea\.m2\repository\com\google\guava\guava\23.0\guava-23.0.jar;C:\Users\azainea\.m2\repository\com\google\code\findbugs\jsr305\1.3.9\jsr305-1.3.9.jar;C:\Users\azainea\.m2\repository\com\google\errorprone\error_prone_annotations\2.0.18\error_prone_annotations-2.0.18.jar;C:\Users\azainea\.m2\repository\com\google\j2objc\j2objc-annotations\1.1\j2objc-annotations-1.1.jar;C:\Users\azainea\.m2\repository\org\codehaus\mojo\animal-sniffer-annotations\1.14\animal-sniffer-annotations-1.14.jar;C:\Users\azainea\.m2\repository\org\apache\httpcomponents\httpclient\4.5.3\httpclient-4.5.3.jar;C:\Users\azainea\.m2\repository\org\apache\httpcomponents\httpcore\4.4.6\httpcore-4.4.6.jar;C:\Users\azainea\.m2\repository\org\seleniumhq\selenium\selenium-java\3.8.1\selenium-java-3.8.1.jar;C:\Users\azainea\.m2\repository\org\seleniumhq\selenium\selenium-chrome-driver\3.8.1\selenium-chrome-driver-3.8.1.jar;C:\Users\azainea\.m2\repository\org\seleniumhq\selenium\selenium-edge-driver\3.8.1\selenium-edge-driver-3.8.1.jar;C:\Users\azainea\.m2\repository\org\seleniumhq\selenium\selenium-firefox-driver\3.8.1\selenium-firefox-driver-3.8.1.jar;C:\Users\azainea\.m2\repository\org\seleniumhq\selenium\selenium-ie-driver\3.8.1\selenium-ie-driver-3.8.1.jar;C:\Users\azainea\.m2\repository\org\seleniumhq\selenium\selenium-opera-driver\3.8.1\selenium-opera-driver-3.8.1.jar;C:\Users\azainea\.m2\repository\org\seleniumhq\selenium\selenium-safari-driver\3.8.1\selenium-safari-driver-3.8.1.jar;C:\Users\azainea\.m2\repository\org\seleniumhq\selenium\selenium-support\3.8.1\selenium-support-3.8.1.jar;C:\Users\azainea\.m2\repository\ru\yandex\qatools\allure\allure-testng-adaptor\1.5.4\allure-testng-adaptor-1.5.4.jar;C:\Users\azainea\.m2\repository\ru\yandex\qatools\allure\allure-java-aspects\1.5.4\allure-java-aspects-1.5.4.jar;C:\Users\azainea\.m2\repository\ru\yandex\qatools\allure\allure-java-adaptor-api\1.5.4\allure-java-adaptor-api-1.5.4.jar;C:\Users\azainea\.m2\repository\ru\yandex\qatools\allure\allure-java-annotations\1.5.4\allure-java-annotations-1.5.4.jar;C:\Users\azainea\.m2\repository\ru\yandex\qatools\allure\allure-model\1.5.4\allure-model-1.5.4.jar;C:\Users\azainea\.m2\repository\org\jvnet\jaxb2_commons\jaxb2-basics-runtime\0.9.3\jaxb2-basics-runtime-0.9.3.jar;C:\Users\azainea\.m2\repository\ru\qatools\commons\properties\2.0.RC5\properties-2.0.RC5.jar;C:\Users\azainea\.m2\repository\org\apache\tika\tika-core\1.7\tika-core-1.7.jar;C:\Users\azainea\.m2\repository\org\aspectj\aspectjrt\1.8.3\aspectjrt-1.8.3.jar;C:\Users\azainea\.m2\repository\io\qameta\allure\allure-testng\2.0-BETA14\allure-testng-2.0-BETA14.jar;C:\Users\azainea\.m2\repository\io\qameta\allure\allure-descriptions-javadoc\2.0-BETA14\allure-descriptions-javadoc-2.0-BETA14.jar;C:\Users\azainea\.m2\repository\commons-io\commons-io\2.5\commons-io-2.5.jar;C:\Users\azainea\.m2\repository\io\qameta\allure\allure-java-commons\2.0-BETA14\allure-java-commons-2.0-BETA14.jar;C:\Users\azainea\.m2\repository\io\qameta\allure\allure2-model-api\1.0-BETA6\allure2-model-api-1.0-BETA6.jar;C:\Users\azainea\.m2\repository\io\qameta\allure\allure2-model-pojo\1.0-BETA6\allure2-model-pojo-1.0-BETA6.jar;C:\Users\azainea\.m2\repository\io\qameta\allure\allure2-model-jackson\1.0-BETA6\allure2-model-jackson-1.0-BETA6.jar;C:\Users\azainea\.m2\repository\com\fasterxml\jackson\core\jackson-databind\2.7.0\jackson-databind-2.7.0.jar;C:\Users\azainea\.m2\repository\com\fasterxml\jackson\core\jackson-annotations\2.7.0\jackson-annotations-2.7.0.jar;C:\Users\azainea\.m2\repository\com\fasterxml\jackson\core\jackson-core\2.7.0\jackson-core-2.7.0.jar;C:\Users\azainea\.m2\repository\com\fasterxml\jackson\module\jackson-module-jaxb-annotations\2.7.0\jackson-module-jaxb-annotations-2.7.0.jar;C:\Users\azainea\.m2\repository\org\apache\commons\commons-lang3\3.5\commons-lang3-3.5.jar;C:\Users\azainea\.m2\repository\org\jooq\joor\0.9.6\joor-0.9.6.jar;C:\Users\azainea\.m2\repository\com\codeborne\phantomjsdriver\1.4.3\phantomjsdriver-1.4.3.jar;C:\Users\azainea\.m2\repository\org\testng\testng\6.14.2\testng-6.14.2.jar;C:\Users\azainea\.m2\repository\com\beust\jcommander\1.72\jcommander-1.72.jar;C:\Users\azainea\.m2\repository\org\apache-extras\beanshell\bsh\2.0b6\bsh-2.0b6.jar;C:\Users\azainea\.m2\repository\com\lazerycode\selenium\query\1.0.0\query-1.0.0.jar;C:\Users\azainea\.m2\repository\junit\junit\4.12\junit-4.12.jar;C:\Users\azainea\.m2\repository\org\hamcrest\hamcrest-core\1.3\hamcrest-core-1.3.jar;C:\Users\azainea\.m2\repository\org\mockito\mockito-core\2.11.0\mockito-core-2.11.0.jar;C:\Users\azainea\.m2\repository\net\bytebuddy\byte-buddy-agent\1.7.4\byte-buddy-agent-1.7.4.jar;C:\Users\azainea\.m2\repository\org\objenesis\objenesis\2.6\objenesis-2.6.jar;C:\Users\azainea\.m2\repository\log4j\log4j\1.2.17\log4j-1.2.17.jar;C:\Users\azainea\.m2\repository\org\slf4j\slf4j-api\1.7.21\slf4j-api-1.7.21.jar;C:\Users\azainea\.m2\repository\ch\qos\logback\logback-classic\1.2.3\logback-classic-1.2.3.jar;C:\Users\azainea\.m2\repository\ch\qos\logback\logback-core\1.2.3\logback-core-1.2.3.jar;C:\Users\azainea\.m2\repository\org\apache\maven\surefire\surefire-testng-utils\2.20.1\surefire-testng-utils-2.20.1.jar;C:\Users\azainea\.m2\repository\org\apache\maven\surefire\surefire-grouper\2.20.1\surefire-grouper-2.20.1.jar;"/>
    <property name="remote" value="true"/>
    <property name="java.vm.vendor" value="Oracle Corporation"/>
    <property name="sun.arch.data.model" value="64"/>
    <property name="webdriver.ie.driver" value="C:\Users\azainea\Desktop\Epoca\Epoca Automation\EPOCA-Selenium\src\test\resources\selenium_standalone_binaries\windows\internetexplorer\64bit\IEDriverServer.exe"/>
    <property name="proxyPort" value=""/>
    <property name="user.variant" value=""/>
    <property name="java.vendor.url" value="http://java.oracle.com/"/>
    <property name="user.timezone" value=""/>
    <property name="user.country.format" value="RO"/>
    <property name="os.name" value="Windows 10"/>
    <property name="java.vm.specification.version" value="1.8"/>
    <property name="sun.java.launcher" value="SUN_STANDARD"/>
    <property name="user.country" value="US"/>
    <property name="sun.boot.library.path" value="C:\Program Files\Java\jdk1.8.0_151\jre\bin"/>
    <property name="sun.java.command" value="C:\Users\azainea\AppData\Local\Temp\surefire4511131870089391455\surefirebooter5726904260777589745.jar C:\Users\azainea\AppData\Local\Temp\surefire4511131870089391455 2018-04-25T16-58-52_308-jvmRun1 surefire1294537744530643589tmp surefire_04499359076956543740tmp"/>
    <property name="surefire.test.class.path" value="C:\Users\azainea\Desktop\Epoca\Epoca Automation\EPOCA-Selenium\target\test-classes;C:\Users\azainea\Desktop\Epoca\Epoca Automation\EPOCA-Selenium\target\classes;C:\Users\azainea\.m2\repository\org\seleniumhq\selenium\selenium-remote-driver\3.8.1\selenium-remote-driver-3.8.1.jar;C:\Users\azainea\.m2\repository\org\seleniumhq\selenium\selenium-api\3.8.1\selenium-api-3.8.1.jar;C:\Users\azainea\.m2\repository\net\bytebuddy\byte-buddy\1.7.5\byte-buddy-1.7.5.jar;C:\Users\azainea\.m2\repository\org\apache\commons\commons-exec\1.3\commons-exec-1.3.jar;C:\Users\azainea\.m2\repository\commons-codec\commons-codec\1.10\commons-codec-1.10.jar;C:\Users\azainea\.m2\repository\commons-logging\commons-logging\1.2\commons-logging-1.2.jar;C:\Users\azainea\.m2\repository\com\google\code\gson\gson\2.8.2\gson-2.8.2.jar;C:\Users\azainea\.m2\repository\com\google\guava\guava\23.0\guava-23.0.jar;C:\Users\azainea\.m2\repository\com\google\code\findbugs\jsr305\1.3.9\jsr305-1.3.9.jar;C:\Users\azainea\.m2\repository\com\google\errorprone\error_prone_annotations\2.0.18\error_prone_annotations-2.0.18.jar;C:\Users\azainea\.m2\repository\com\google\j2objc\j2objc-annotations\1.1\j2objc-annotations-1.1.jar;C:\Users\azainea\.m2\repository\org\codehaus\mojo\animal-sniffer-annotations\1.14\animal-sniffer-annotations-1.14.jar;C:\Users\azainea\.m2\repository\org\apache\httpcomponents\httpclient\4.5.3\httpclient-4.5.3.jar;C:\Users\azainea\.m2\repository\org\apache\httpcomponents\httpcore\4.4.6\httpcore-4.4.6.jar;C:\Users\azainea\.m2\repository\org\seleniumhq\selenium\selenium-java\3.8.1\selenium-java-3.8.1.jar;C:\Users\azainea\.m2\repository\org\seleniumhq\selenium\selenium-chrome-driver\3.8.1\selenium-chrome-driver-3.8.1.jar;C:\Users\azainea\.m2\repository\org\seleniumhq\selenium\selenium-edge-driver\3.8.1\selenium-edge-driver-3.8.1.jar;C:\Users\azainea\.m2\repository\org\seleniumhq\selenium\selenium-firefox-driver\3.8.1\selenium-firefox-driver-3.8.1.jar;C:\Users\azainea\.m2\repository\org\seleniumhq\selenium\selenium-ie-driver\3.8.1\selenium-ie-driver-3.8.1.jar;C:\Users\azainea\.m2\repository\org\seleniumhq\selenium\selenium-opera-driver\3.8.1\selenium-opera-driver-3.8.1.jar;C:\Users\azainea\.m2\repository\org\seleniumhq\selenium\selenium-safari-driver\3.8.1\selenium-safari-driver-3.8.1.jar;C:\Users\azainea\.m2\repository\org\seleniumhq\selenium\selenium-support\3.8.1\selenium-support-3.8.1.jar;C:\Users\azainea\.m2\repository\ru\yandex\qatools\allure\allure-testng-adaptor\1.5.4\allure-testng-adaptor-1.5.4.jar;C:\Users\azainea\.m2\repository\ru\yandex\qatools\allure\allure-java-aspects\1.5.4\allure-java-aspects-1.5.4.jar;C:\Users\azainea\.m2\repository\ru\yandex\qatools\allure\allure-java-adaptor-api\1.5.4\allure-java-adaptor-api-1.5.4.jar;C:\Users\azainea\.m2\repository\ru\yandex\qatools\allure\allure-java-annotations\1.5.4\allure-java-annotations-1.5.4.jar;C:\Users\azainea\.m2\repository\ru\yandex\qatools\allure\allure-model\1.5.4\allure-model-1.5.4.jar;C:\Users\azainea\.m2\repository\org\jvnet\jaxb2_commons\jaxb2-basics-runtime\0.9.3\jaxb2-basics-runtime-0.9.3.jar;C:\Users\azainea\.m2\repository\ru\qatools\commons\properties\2.0.RC5\properties-2.0.RC5.jar;C:\Users\azainea\.m2\repository\org\apache\tika\tika-core\1.7\tika-core-1.7.jar;C:\Users\azainea\.m2\repository\org\aspectj\aspectjrt\1.8.3\aspectjrt-1.8.3.jar;C:\Users\azainea\.m2\repository\io\qameta\allure\allure-testng\2.0-BETA14\allure-testng-2.0-BETA14.jar;C:\Users\azainea\.m2\repository\io\qameta\allure\allure-descriptions-javadoc\2.0-BETA14\allure-descriptions-javadoc-2.0-BETA14.jar;C:\Users\azainea\.m2\repository\commons-io\commons-io\2.5\commons-io-2.5.jar;C:\Users\azainea\.m2\repository\io\qameta\allure\allure-java-commons\2.0-BETA14\allure-java-commons-2.0-BETA14.jar;C:\Users\azainea\.m2\repository\io\qameta\allure\allure2-model-api\1.0-BETA6\allure2-model-api-1.0-BETA6.jar;C:\Users\azainea\.m2\repository\io\qameta\allure\allure2-model-pojo\1.0-BETA6\allure2-model-pojo-1.0-BETA6.jar;C:\Users\azainea\.m2\repository\io\qameta\allure\allure2-model-jackson\1.0-BETA6\allure2-model-jackson-1.0-BETA6.jar;C:\Users\azainea\.m2\repository\com\fasterxml\jackson\core\jackson-databind\2.7.0\jackson-databind-2.7.0.jar;C:\Users\azainea\.m2\repository\com\fasterxml\jackson\core\jackson-annotations\2.7.0\jackson-annotations-2.7.0.jar;C:\Users\azainea\.m2\repository\com\fasterxml\jackson\core\jackson-core\2.7.0\jackson-core-2.7.0.jar;C:\Users\azainea\.m2\repository\com\fasterxml\jackson\module\jackson-module-jaxb-annotations\2.7.0\jackson-module-jaxb-annotations-2.7.0.jar;C:\Users\azainea\.m2\repository\org\apache\commons\commons-lang3\3.5\commons-lang3-3.5.jar;C:\Users\azainea\.m2\repository\org\jooq\joor\0.9.6\joor-0.9.6.jar;C:\Users\azainea\.m2\repository\com\codeborne\phantomjsdriver\1.4.3\phantomjsdriver-1.4.3.jar;C:\Users\azainea\.m2\repository\org\testng\testng\6.14.2\testng-6.14.2.jar;C:\Users\azainea\.m2\repository\com\beust\jcommander\1.72\jcommander-1.72.jar;C:\Users\azainea\.m2\repository\org\apache-extras\beanshell\bsh\2.0b6\bsh-2.0b6.jar;C:\Users\azainea\.m2\repository\com\lazerycode\selenium\query\1.0.0\query-1.0.0.jar;C:\Users\azainea\.m2\repository\junit\junit\4.12\junit-4.12.jar;C:\Users\azainea\.m2\repository\org\hamcrest\hamcrest-core\1.3\hamcrest-core-1.3.jar;C:\Users\azainea\.m2\repository\org\mockito\mockito-core\2.11.0\mockito-core-2.11.0.jar;C:\Users\azainea\.m2\repository\net\bytebuddy\byte-buddy-agent\1.7.4\byte-buddy-agent-1.7.4.jar;C:\Users\azainea\.m2\repository\org\objenesis\objenesis\2.6\objenesis-2.6.jar;C:\Users\azainea\.m2\repository\log4j\log4j\1.2.17\log4j-1.2.17.jar;C:\Users\azainea\.m2\repository\org\slf4j\slf4j-api\1.7.21\slf4j-api-1.7.21.jar;C:\Users\azainea\.m2\repository\ch\qos\logback\logback-classic\1.2.3\logback-classic-1.2.3.jar;C:\Users\azainea\.m2\repository\ch\qos\logback\logback-core\1.2.3\logback-core-1.2.3.jar;C:\Users\azainea\.m2\repository\org\apache\maven\surefire\surefire-testng-utils\2.20.1\surefire-testng-utils-2.20.1.jar;C:\Users\azainea\.m2\repository\org\apache\maven\surefire\surefire-grouper\2.20.1\surefire-grouper-2.20.1.jar;"/>
    <property name="sun.cpu.endian" value="little"/>
    <property name="user.home" value="C:\Users\azainea"/>
    <property name="user.language" value="en"/>
    <property name="remoteDriver" value="true"/>
    <property name="java.specification.vendor" value="Oracle Corporation"/>
    <property name="screenshotDirectory" value="C:\Users\azainea\Desktop\Epoca\Epoca Automation\EPOCA-Selenium\target/screenshots"/>
    <property name="java.home" value="C:\Program Files\Java\jdk1.8.0_151\jre"/>
    <property name="proxyHost" value=""/>
    <property name="file.separator" value="\"/>
    <property name="basedir" value="C:\Users\azainea\Desktop\Epoca\Epoca Automation\EPOCA-Selenium"/>
    <property name="line.separator" value="&#10;"/>
    <property name="java.vm.specification.vendor" value="Oracle Corporation"/>
    <property name="java.specification.name" value="Java Platform API Specification"/>
    <property name="java.awt.graphicsenv" value="sun.awt.Win32GraphicsEnvironment"/>
    <property name="surefire.real.class.path" value="C:\Users\azainea\AppData\Local\Temp\surefire4511131870089391455\surefirebooter5726904260777589745.jar;C:\Users\azainea\.m2\repository/org/aspectj/aspectjweaver/1.8.10/aspectjweaver-1.8.10.jar"/>
    <property name="desiredPlatform" value=""/>
    <property name="proxyEnabled" value="false"/>
    <property name="sun.boot.class.path" value="C:\Program Files\Java\jdk1.8.0_151\jre\lib\resources.jar;C:\Program Files\Java\jdk1.8.0_151\jre\lib\rt.jar;C:\Program Files\Java\jdk1.8.0_151\jre\lib\sunrsasign.jar;C:\Program Files\Java\jdk1.8.0_151\jre\lib\jsse.jar;C:\Program Files\Java\jdk1.8.0_151\jre\lib\jce.jar;C:\Program Files\Java\jdk1.8.0_151\jre\lib\charsets.jar;C:\Program Files\Java\jdk1.8.0_151\jre\lib\jfr.jar;C:\Program Files\Java\jdk1.8.0_151\jre\classes"/>
    <property name="user.script" value=""/>
    <property name="sun.management.compiler" value="HotSpot 64-Bit Tiered Compilers"/>
    <property name="java.runtime.version" value="1.8.0_151-b12"/>
    <property name="webdriver.edge.driver" value="C:\Users\azainea\Desktop\Epoca\Epoca Automation\EPOCA-Selenium\src\test\resources\selenium_standalone_binaries\windows\edge\64bit\MicrosoftWebDriver.exe"/>
    <property name="user.name" value="azainea"/>
    <property name="path.separator" value=";"/>
    <property name="webdriver.opera.driver" value="C:\Users\azainea\Desktop\Epoca\Epoca Automation\EPOCA-Selenium\src\test\resources\selenium_standalone_binaries\windows\operachromium\64bit\operadriver.exe"/>
    <property name="os.version" value="10.0"/>
    <property name="java.endorsed.dirs" value="C:\Program Files\Java\jdk1.8.0_151\jre\lib\endorsed"/>
    <property name="java.runtime.name" value="Java(TM) SE Runtime Environment"/>
    <property name="file.encoding" value="Cp1252"/>
    <property name="browser" value="chrome"/>
    <property name="java.vm.name" value="Java HotSpot(TM) 64-Bit Server VM"/>
    <property name="seleniumGridURL" value="http://192.168.56.1:4444/wd/hub"/>
    <property name="localRepository" value="C:\Users\azainea\.m2\repository"/>
    <property name="java.vendor.url.bug" value="http://bugreport.sun.com/bugreport/"/>
    <property name="java.io.tmpdir" value="C:\Users\azainea\AppData\Local\Temp\"/>
    <property name="desiredBrowserVersion" value=""/>
    <property name="java.version" value="1.8.0_151"/>
    <property name="user.dir" value="C:\Users\azainea\Desktop\Epoca\Epoca Automation\EPOCA-Selenium"/>
    <property name="os.arch" value="amd64"/>
    <property name="webdriver.gecko.driver" value="C:\Users\azainea\Desktop\Epoca\Epoca Automation\EPOCA-Selenium\src\test\resources\selenium_standalone_binaries\windows\marionette\64bit\geckodriver.exe"/>
    <property name="gridURL" value="http://192.168.56.1:4444/wd/hub"/>
    <property name="java.vm.specification.name" value="Java Virtual Machine Specification"/>
    <property name="user.language.format" value="ro"/>
    <property name="java.awt.printerjob" value="sun.awt.windows.WPrinterJob"/>
    <property name="sun.os.patch.level" value=""/>
    <property name="headless" value=""/>
    <property name="java.library.path" value="C:\Program Files\Java\jdk1.8.0_151\jre\bin;C:\WINDOWS\Sun\Java\bin;C:\WINDOWS\system32;C:\WINDOWS;C:\Users\azainea\bin;C:\Program Files\Git\mingw64\bin;C:\Program Files\Git\usr\local\bin;C:\Program Files\Git\usr\bin;C:\Program Files\Git\usr\bin;C:\Program Files\Git\mingw64\bin;C:\Program Files\Git\usr\bin;C:\Users\azainea\bin;C:\ProgramData\Oracle\Java\javapath;C:\WINDOWS\system32;C:\WINDOWS;C:\WINDOWS\System32\Wbem;C:\WINDOWS\System32\WindowsPowerShell\v1.0;C:\Program Files\PuTTY;C:\Program Files (x86)\Skype\Phone;C:\gecko;C:\maven\apache-maven-3.5.2\bin;C:\Program Files\Java\jdk1.8.0_151\bin;C:\drivers;C:\Program Files\Git\cmd;C:\gradle\gradle-4.5.1\bin;C:\HashiCorp\Vagrant\bin;C:\Program Files (x86)\Microsoft SQL Server\Client SDK\ODBC\130\Tools\Binn;C:\Program Files (x86)\Microsoft SQL Server\140\Tools\Binn;C:\Program Files (x86)\Microsoft SQL Server\140\DTS\Binn;C:\Program Files (x86)\Microsoft SQL Server\140\Tools\Binn\ManagementStudio;C:\Users\azainea\AppData\Local\Programs\Python\Python36-32\Scripts;C:\Users\azainea\AppData\Local\Programs\Python\Python36-32;C:\Users\azainea\AppData\Local\Microsoft\WindowsApps;C:\Users\azainea\AppData\Local\GitHubDesktop\bin;C:\Users\azainea\AppData\Local\Microsoft\WindowsApps;C:\Program Files\Git\usr\bin\vendor_perl;C:\Program Files\Git\usr\bin\core_perl;."/>
    <property name="java.vendor" value="Oracle Corporation"/>
    <property name="java.vm.info" value="mixed mode"/>
    <property name="java.vm.version" value="25.151-b12"/>
    <property name="sun.io.unicode.encoding" value="UnicodeLittle"/>
    <property name="java.ext.dirs" value="C:\Program Files\Java\jdk1.8.0_151\jre\lib\ext;C:\WINDOWS\Sun\Java\lib\ext"/>
    <property name="java.class.version" value="52.0"/>
  </properties>
  <testcase name="changeStatus" classname="com.selenium.template.tests.APScheduledProcessesTests" time="3.851">
    <failure type="java.lang.NullPointerException">java.lang.NullPointerException
	at com.selenium.template.tests.APScheduledProcessesTests.changeStatus(APScheduledProcessesTests.java:94)
</failure>
    <system-out><![CDATA[2018-04-25 16:58:55 Log4Test [INFO] INFO: " "
2018-04-25 16:58:55 Log4Test [INFO] INFO: "Local Operating System: WINDOWS 10"
2018-04-25 16:58:55 Log4Test [INFO] INFO: "Local Architecture: amd64"
2018-04-25 16:58:55 Log4Test [INFO] INFO: "Selected Browser: chrome"
2018-04-25 16:58:55 Log4Test [INFO] INFO: "Connecting to Selenium Grid: true"
2018-04-25 16:58:55 Log4Test [INFO] INFO: " "
2018-04-25 16:58:55 Log4Test [INFO] INFO: "================= GOING TO USE REMOTE ================="
Written screenshot to C:\Users\azainea\Desktop\Epoca\Epoca Automation\EPOCA-Selenium\target/screenshots\1524664738841_changeStatus.png
]]></system-out>
    <system-err><![CDATA[Apr 25, 2018 4:58:58 PM org.openqa.selenium.remote.ProtocolHandshake createSession
INFO: Detected dialect: OSS
]]></system-err>
  </testcase>
  <testcase name="clickOnDetails1stRow" classname="com.selenium.template.tests.APScheduledProcessesTests" time="0.251">
    <failure type="java.lang.NullPointerException">java.lang.NullPointerException
	at com.selenium.template.tests.APScheduledProcessesTests.clickOnDetails1stRow(APScheduledProcessesTests.java:69)
</failure>
    <system-out><![CDATA[Written screenshot to C:\Users\azainea\Desktop\Epoca\Epoca Automation\EPOCA-Selenium\target/screenshots\1524664739450_clickOnDetails1stRow.png
]]></system-out>
  </testcase>
  <testcase name="searchResults" classname="com.selenium.template.tests.APScheduledProcessesTests" time="0.272">
    <failure type="java.lang.NullPointerException">java.lang.NullPointerException
	at com.selenium.template.tests.APScheduledProcessesTests.searchResults(APScheduledProcessesTests.java:40)
</failure>
    <system-out><![CDATA[Written screenshot to C:\Users\azainea\Desktop\Epoca\Epoca Automation\EPOCA-Selenium\target/screenshots\1524664739721_searchResults.png
]]></system-out>
  </testcase>
  <testcase name="sortCheck" classname="com.selenium.template.tests.APScheduledProcessesTests" time="0.252">
    <failure type="java.lang.NullPointerException">java.lang.NullPointerException
	at com.selenium.template.tests.APScheduledProcessesTests.sortCheck(APScheduledProcessesTests.java:134)
</failure>
    <system-out><![CDATA[Written screenshot to C:\Users\azainea\Desktop\Epoca\Epoca Automation\EPOCA-Selenium\target/screenshots\1524664740043_sortCheck.png
]]></system-out>
  </testcase>
  <testcase name="addEntry" classname="com.selenium.template.tests.CustomerExchangeRateTests" time="0.247">
    <failure type="java.lang.NullPointerException">java.lang.NullPointerException
	at com.selenium.template.tests.CustomerExchangeRateTests.addEntry(CustomerExchangeRateTests.java:43)
</failure>
    <system-out><![CDATA[Written screenshot to C:\Users\azainea\Desktop\Epoca\Epoca Automation\EPOCA-Selenium\target/screenshots\1524664740314_addEntry.png
]]></system-out>
  </testcase>
  <testcase name="CustomerSearchClear" classname="com.selenium.template.tests.CustomerSearchTest" time="0.259">
    <failure type="java.lang.NullPointerException">java.lang.NullPointerException
	at com.selenium.template.tests.CustomerSearchTest.CustomerSearchClear(CustomerSearchTest.java:35)
</failure>
    <system-out><![CDATA[Written screenshot to C:\Users\azainea\Desktop\Epoca\Epoca Automation\EPOCA-Selenium\target/screenshots\1524664740581_CustomerSearchClear.png
]]></system-out>
  </testcase>
  <testcase name="GenerateReport" classname="com.selenium.template.tests.CustomerSearchTest" time="0.248">
    <failure type="java.lang.NullPointerException">java.lang.NullPointerException
	at com.selenium.template.tests.CustomerSearchTest.GenerateReport(CustomerSearchTest.java:63)
</failure>
    <system-out><![CDATA[Written screenshot to C:\Users\azainea\Desktop\Epoca\Epoca Automation\EPOCA-Selenium\target/screenshots\1524664740860_GenerateReport.png
]]></system-out>
  </testcase>
  <testcase name="selectEntries" classname="com.selenium.template.tests.CustomerSearchTest" time="0.255">
    <failure type="java.lang.NullPointerException">java.lang.NullPointerException
	at com.selenium.template.tests.CustomerSearchTest.selectEntries(CustomerSearchTest.java:117)
</failure>
    <system-out><![CDATA[Written screenshot to C:\Users\azainea\Desktop\Epoca\Epoca Automation\EPOCA-Selenium\target/screenshots\1524664741126_selectEntries.png
]]></system-out>
  </testcase>
  <testcase name="addEntry" classname="com.selenium.template.tests.CustomerSpecialTest" time="0.251">
    <failure type="java.lang.NullPointerException">java.lang.NullPointerException
	at com.selenium.template.tests.CustomerSpecialTest.addEntry(CustomerSpecialTest.java:142)
</failure>
    <system-out><![CDATA[Written screenshot to C:\Users\azainea\Desktop\Epoca\Epoca Automation\EPOCA-Selenium\target/screenshots\1524664741399_addEntry.png
]]></system-out>
  </testcase>
  <testcase name="addPopUp" classname="com.selenium.template.tests.CustomerSpecialTest" time="0.252">
    <failure type="java.lang.NullPointerException">java.lang.NullPointerException
	at com.selenium.template.tests.CustomerSpecialTest.addPopUp(CustomerSpecialTest.java:46)
</failure>
    <system-out><![CDATA[Written screenshot to C:\Users\azainea\Desktop\Epoca\Epoca Automation\EPOCA-Selenium\target/screenshots\1524664741670_addPopUp.png
]]></system-out>
  </testcase>
  <testcase name="nextPage" classname="com.selenium.template.tests.CustomerSpecialTest" time="0.249">
    <failure type="java.lang.NullPointerException">java.lang.NullPointerException
	at com.selenium.template.tests.CustomerSpecialTest.nextPage(CustomerSpecialTest.java:108)
</failure>
    <system-out><![CDATA[Written screenshot to C:\Users\azainea\Desktop\Epoca\Epoca Automation\EPOCA-Selenium\target/screenshots\1524664741940_nextPage.png
]]></system-out>
  </testcase>
  <testcase name="numberOfEntries" classname="com.selenium.template.tests.CustomerSpecialTest" time="0.263">
    <failure type="java.lang.NullPointerException">java.lang.NullPointerException
	at com.selenium.template.tests.CustomerSpecialTest.numberOfEntries(CustomerSpecialTest.java:74)
</failure>
    <system-out><![CDATA[Written screenshot to C:\Users\azainea\Desktop\Epoca\Epoca Automation\EPOCA-Selenium\target/screenshots\1524664742219_numberOfEntries.png
]]></system-out>
  </testcase>
  <testcase name="addAnEntry" classname="com.selenium.template.tests.CustomerVATTest" time="0.249">
    <failure type="java.lang.NullPointerException">java.lang.NullPointerException
	at com.selenium.template.tests.CustomerVATTest.addAnEntry(CustomerVATTest.java:45)
</failure>
    <system-out><![CDATA[Written screenshot to C:\Users\azainea\Desktop\Epoca\Epoca Automation\EPOCA-Selenium\target/screenshots\1524664742490_addAnEntry.png
]]></system-out>
  </testcase>
  <testcase name="deleteEntry" classname="com.selenium.template.tests.CustomerVATTest" time="0.259">
    <failure type="java.lang.NullPointerException">java.lang.NullPointerException
	at com.selenium.template.tests.CustomerVATTest.deleteEntry(CustomerVATTest.java:82)
</failure>
    <system-out><![CDATA[Written screenshot to C:\Users\azainea\Desktop\Epoca\Epoca Automation\EPOCA-Selenium\target/screenshots\1524664742759_deleteEntry.png
]]></system-out>
  </testcase>
  <testcase name="loginFail_01" classname="com.selenium.template.tests.FELoginFailTest" time="0.248">
    <failure type="java.lang.NullPointerException">java.lang.NullPointerException
	at com.selenium.template.tests.FELoginFailTest.loginFail_01(FELoginFailTest.java:39)
</failure>
    <system-out><![CDATA[Written screenshot to C:\Users\azainea\Desktop\Epoca\Epoca Automation\EPOCA-Selenium\target/screenshots\1524664743042_loginFail_01.png
]]></system-out>
  </testcase>
  <testcase name="LoginSuccessful" classname="com.selenium.template.tests.FELoginTest" time="0.258">
    <failure type="java.lang.NullPointerException">java.lang.NullPointerException
	at com.selenium.template.tests.FELoginTest.LoginSuccessful(FELoginTest.java:38)
</failure>
    <system-out><![CDATA[Written screenshot to C:\Users\azainea\Desktop\Epoca\Epoca Automation\EPOCA-Selenium\target/screenshots\1524664743309_LoginSuccessful.png
]]></system-out>
  </testcase>
  <testcase name="reportHistory" classname="com.selenium.template.tests.LeftSideMenuAPTest" time="0.253">
    <failure type="java.lang.NullPointerException">java.lang.NullPointerException
	at com.selenium.template.tests.LeftSideMenuAPTest.reportHistory(LeftSideMenuAPTest.java:42)
</failure>
    <system-out><![CDATA[Written screenshot to C:\Users\azainea\Desktop\Epoca\Epoca Automation\EPOCA-Selenium\target/screenshots\1524664743585_reportHistory.png
]]></system-out>
  </testcase>
  <testcase name="reportTemplates" classname="com.selenium.template.tests.LeftSideMenuAPTest" time="0.246">
    <failure type="java.lang.NullPointerException">java.lang.NullPointerException
	at com.selenium.template.tests.LeftSideMenuAPTest.reportTemplates(LeftSideMenuAPTest.java:69)
</failure>
    <system-out><![CDATA[Written screenshot to C:\Users\azainea\Desktop\Epoca\Epoca Automation\EPOCA-Selenium\target/screenshots\1524664743856_reportTemplates.png
]]></system-out>
  </testcase>
  <testcase name="scheduledProcesses" classname="com.selenium.template.tests.LeftSideMenuAPTest" time="0.249">
    <failure type="java.lang.NullPointerException">java.lang.NullPointerException
	at com.selenium.template.tests.LeftSideMenuAPTest.scheduledProcesses(LeftSideMenuAPTest.java:96)
</failure>
    <system-out><![CDATA[Written screenshot to C:\Users\azainea\Desktop\Epoca\Epoca Automation\EPOCA-Selenium\target/screenshots\1524664744119_scheduledProcesses.png
]]></system-out>
  </testcase>
  <testcase name="bulkCreditLimit" classname="com.selenium.template.tests.LeftSideMenuCustomerTest" time="0.248">
    <failure type="java.lang.NullPointerException">java.lang.NullPointerException
	at com.selenium.template.tests.LeftSideMenuCustomerTest.bulkCreditLimit(LeftSideMenuCustomerTest.java:150)
</failure>
    <system-out><![CDATA[Written screenshot to C:\Users\azainea\Desktop\Epoca\Epoca Automation\EPOCA-Selenium\target/screenshots\1524664744388_bulkCreditLimit.png
]]></system-out>
  </testcase>
  <testcase name="customerSearch" classname="com.selenium.template.tests.LeftSideMenuCustomerTest" time="0.256">
    <failure type="java.lang.NullPointerException">java.lang.NullPointerException
	at com.selenium.template.tests.LeftSideMenuCustomerTest.customerSearch(LeftSideMenuCustomerTest.java:42)
</failure>
    <system-out><![CDATA[Written screenshot to C:\Users\azainea\Desktop\Epoca\Epoca Automation\EPOCA-Selenium\target/screenshots\1524664744653_customerSearch.png
]]></system-out>
  </testcase>
  <testcase name="exchangeRate" classname="com.selenium.template.tests.LeftSideMenuCustomerTest" time="0.25">
    <failure type="java.lang.NullPointerException">java.lang.NullPointerException
	at com.selenium.template.tests.LeftSideMenuCustomerTest.exchangeRate(LeftSideMenuCustomerTest.java:123)
</failure>
    <system-out><![CDATA[Written screenshot to C:\Users\azainea\Desktop\Epoca\Epoca Automation\EPOCA-Selenium\target/screenshots\1524664744929_exchangeRate.png
]]></system-out>
  </testcase>
  <testcase name="setupCreditLimit" classname="com.selenium.template.tests.LeftSideMenuCustomerTest" time="0.253">
    <failure type="java.lang.NullPointerException">java.lang.NullPointerException
	at com.selenium.template.tests.LeftSideMenuCustomerTest.setupCreditLimit(LeftSideMenuCustomerTest.java:176)
</failure>
    <system-out><![CDATA[Written screenshot to C:\Users\azainea\Desktop\Epoca\Epoca Automation\EPOCA-Selenium\target/screenshots\1524664745194_setupCreditLimit.png
]]></system-out>
  </testcase>
  <testcase name="specialCommission" classname="com.selenium.template.tests.LeftSideMenuCustomerTest" time="0.252">
    <failure type="java.lang.NullPointerException">java.lang.NullPointerException
	at com.selenium.template.tests.LeftSideMenuCustomerTest.specialCommission(LeftSideMenuCustomerTest.java:69)
</failure>
    <system-out><![CDATA[Written screenshot to C:\Users\azainea\Desktop\Epoca\Epoca Automation\EPOCA-Selenium\target/screenshots\1524664745467_specialCommission.png
]]></system-out>
  </testcase>
  <testcase name="vat" classname="com.selenium.template.tests.LeftSideMenuCustomerTest" time="0.254">
    <failure type="java.lang.NullPointerException">java.lang.NullPointerException
	at com.selenium.template.tests.LeftSideMenuCustomerTest.vat(LeftSideMenuCustomerTest.java:96)
</failure>
    <system-out><![CDATA[Written screenshot to C:\Users\azainea\Desktop\Epoca\Epoca Automation\EPOCA-Selenium\target/screenshots\1524664745737_vat.png
]]></system-out>
  </testcase>
  <testcase name="documentMatching" classname="com.selenium.template.tests.LeftsideMenuOMTest" time="0.248">
    <failure type="java.lang.NullPointerException">java.lang.NullPointerException
	at com.selenium.template.tests.LeftsideMenuOMTest.documentMatching(LeftsideMenuOMTest.java:98)
</failure>
    <system-out><![CDATA[Written screenshot to C:\Users\azainea\Desktop\Epoca\Epoca Automation\EPOCA-Selenium\target/screenshots\1524664746011_documentMatching.png
]]></system-out>
  </testcase>
  <testcase name="nettingBalanceReport" classname="com.selenium.template.tests.LeftsideMenuOMTest" time="0.253">
    <failure type="java.lang.NullPointerException">java.lang.NullPointerException
	at com.selenium.template.tests.LeftsideMenuOMTest.nettingBalanceReport(LeftsideMenuOMTest.java:125)
</failure>
    <system-out><![CDATA[Written screenshot to C:\Users\azainea\Desktop\Epoca\Epoca Automation\EPOCA-Selenium\target/screenshots\1524664746279_nettingBalanceReport.png
]]></system-out>
  </testcase>
  <testcase name="nettingParameters" classname="com.selenium.template.tests.LeftsideMenuOMTest" time="0.251">
    <failure type="java.lang.NullPointerException">java.lang.NullPointerException
	at com.selenium.template.tests.LeftsideMenuOMTest.nettingParameters(LeftsideMenuOMTest.java:70)
</failure>
    <system-out><![CDATA[Written screenshot to C:\Users\azainea\Desktop\Epoca\Epoca Automation\EPOCA-Selenium\target/screenshots\1524664746550_nettingParameters.png
]]></system-out>
  </testcase>
  <testcase name="nettingTransactions" classname="com.selenium.template.tests.LeftsideMenuOMTest" time="0.265">
    <failure type="java.lang.NullPointerException">java.lang.NullPointerException
	at com.selenium.template.tests.LeftsideMenuOMTest.nettingTransactions(LeftsideMenuOMTest.java:41)
</failure>
    <system-out><![CDATA[Written screenshot to C:\Users\azainea\Desktop\Epoca\Epoca Automation\EPOCA-Selenium\target/screenshots\1524664746818_nettingTransactions.png
]]></system-out>
  </testcase>
  <testcase name="reportIsShown" classname="com.selenium.template.tests.OMYBalanceReportTest" time="0.249">
    <failure type="java.lang.NullPointerException">java.lang.NullPointerException
	at com.selenium.template.tests.OMYBalanceReportTest.reportIsShown(OMYBalanceReportTest.java:43)
</failure>
    <system-out><![CDATA[Written screenshot to C:\Users\azainea\Desktop\Epoca\Epoca Automation\EPOCA-Selenium\target/screenshots\1524664747105_reportIsShown.png
]]></system-out>
  </testcase>
</testsuite>